[INFO ] 2023-10-11 15:19:15.392 [main] UserTests2 - Creating user
[INFO ] 2023-10-11 15:19:18.480 [main] UserTests2 - User is created
[INFO ] 2023-10-11 15:19:18.496 [main] UserTests2 - Reading user
[INFO ] 2023-10-11 15:19:19.268 [main] UserTests2 - Updating User
[INFO ] 2023-10-11 15:19:19.948 [main] UserTests2 - Deleting user
[INFO ] 2023-10-11 15:28:00.995 [main] UserTests2 - Creating user
[INFO ] 2023-10-11 15:28:04.103 [main] UserTests2 - User is created
[INFO ] 2023-10-11 15:28:04.103 [main] UserTests2 - Reading user
[INFO ] 2023-10-11 15:28:04.938 [main] UserTests2 - Updating User
[INFO ] 2023-10-11 15:28:05.655 [main] UserTests2 - Deleting user
[INFO ] 2023-10-11 16:18:58.904 [main] UserTests2 - Creating user
[INFO ] 2023-10-11 16:19:01.479 [main] UserTests2 - User is created
[INFO ] 2023-10-11 16:19:01.479 [main] UserTests2 - Reading user
[INFO ] 2023-10-11 16:19:02.256 [main] UserTests2 - Updating User
[INFO ] 2023-10-11 16:19:02.964 [main] UserTests2 - Deleting user
[INFO ] 2023-10-11 16:21:05.340 [main] UserTests2 - Creating user
[INFO ] 2023-10-11 16:21:18.519 [main] UserTests2 - Creating user
[INFO ] 2023-10-11 16:21:21.642 [main] UserTests2 - User is created
[INFO ] 2023-10-11 16:21:21.642 [main] UserTests2 - Reading user
[INFO ] 2023-10-11 16:21:22.428 [main] UserTests2 - Updating User
[INFO ] 2023-10-11 16:21:23.109 [main] UserTests2 - Deleting user
[INFO ] 2023-10-11 16:21:33.186 [main] UserTests2 - Creating user
[INFO ] 2023-10-11 16:22:55.288 [main] UserTests2 - User is created
[INFO ] 2023-10-11 16:24:34.468 [main] UserTests2 - Reading user
[INFO ] 2023-10-11 16:24:37.740 [main] UserTests2 - Creating user
[INFO ] 2023-10-11 16:25:27.083 [main] UserTests2 - Creating user
[INFO ] 2023-10-11 16:26:03.623 [main] UserTests2 - User is created
[INFO ] 2023-10-11 16:26:30.470 [main] UserTests2 - Creating user
[INFO ] 2023-10-11 16:27:05.335 [main] UserTests2 - Creating user
[INFO ] 2023-10-11 16:27:07.756 [main] UserTests2 - User is created
[INFO ] 2023-10-11 16:27:07.756 [main] UserTests2 - Reading user
[INFO ] 2023-10-11 16:33:11.011 [main] UserTests - Creating user
[INFO ] 2023-10-11 16:33:13.384 [main] UserTests - User is created
[INFO ] 2023-10-11 16:33:13.387 [main] UserTests - Reading user
[INFO ] 2023-10-11 16:33:14.090 [main] UserTests - User is displayed
[INFO ] 2023-10-11 16:33:14.090 [main] UserTests - Updating User
[INFO ] 2023-10-11 16:33:14.808 [main] UserTests - User Updated
[INFO ] 2023-10-11 16:33:15.526 [main] UserTests - Deleting user
[INFO ] 2023-10-11 16:33:16.229 [main] UserTests - User is deleted
[INFO ] 2023-10-11 16:35:34.041 [main] UserTests2 - Reading user
[INFO ] 2023-10-11 16:35:50.838 [main] UserTests2 - Creating user
[INFO ] 2023-10-11 16:35:53.143 [main] UserTests2 - User is created
[INFO ] 2023-10-11 16:36:06.226 [main] UserTests2 - Reading user
[INFO ] 2023-10-11 16:40:20.809 [main] UserTests2 - Creating user
[INFO ] 2023-10-11 16:40:23.185 [main] UserTests2 - User is created
[INFO ] 2023-10-11 16:40:23.185 [main] UserTests2 - Reading user
[INFO ] 2023-10-11 16:40:23.871 [main] UserTests2 - User is displayed
[INFO ] 2023-10-11 16:40:23.871 [main] UserTests2 - Updating User
[INFO ] 2023-10-11 16:40:24.573 [main] UserTests2 - User Updated
[INFO ] 2023-10-11 16:40:25.272 [main] UserTests2 - Deleting user
[INFO ] 2023-10-11 16:40:25.958 [main] UserTests2 - User is deleted
